<?xml version="1.0" encoding="UTF-8"?>
<!-- Generated by org.testng.reporters.JUnitReportReporter -->
<testsuite skipped="0" hostname="Ferhats-MacBook-Pro.local" name="TransactionIntegrationsTest" tests="2" failures="0" timestamp="16 Aug 2019 14:43:39 GMT" time="24.808" errors="0">
  <testcase name="$spock_feature_1_0" time="12.363" classname="TransactionIntegrationsTest"/>
  <testcase name="$spock_feature_1_1" time="12.445" classname="TransactionIntegrationsTest"/>
</testsuite> <!-- TransactionIntegrationsTest -->
