<?xml version="1.0" encoding="UTF-8"?>
<!-- Generated by org.testng.reporters.JUnitReportReporter -->
<testsuite skipped="0" hostname="Ferhats-MacBook-Pro.local" name="TransactionIntegrationsTest" tests="2" failures="0" timestamp="03 Sep 2019 21:05:55 GMT" time="27.400" errors="0">
  <testcase name="$spock_feature_1_1" time="13.738" classname="TransactionIntegrationsTest"/>
  <testcase name="$spock_feature_1_0" time="13.662" classname="TransactionIntegrationsTest"/>
</testsuite> <!-- TransactionIntegrationsTest -->
