<?xml version="1.0" encoding="UTF-8"?>
<!-- Generated by org.testng.reporters.JUnitReportReporter -->
<testsuite skipped="0" hostname="Ferhats-MacBook-Pro.local" name="TransactionIntegrationsTest" tests="2" failures="0" timestamp="18 Aug 2019 16:03:22 GMT" time="35.307" errors="0">
  <testcase name="$spock_feature_1_1" time="17.712" classname="TransactionIntegrationsTest"/>
  <testcase name="$spock_feature_1_0" time="17.595" classname="TransactionIntegrationsTest"/>
</testsuite> <!-- TransactionIntegrationsTest -->
