<?xml version="1.0" encoding="UTF-8"?>
<!-- Generated by org.testng.reporters.JUnitReportReporter -->
<testsuite skipped="0" hostname="Ferhats-MacBook-Pro.local" name="TransactionIntegrationsTest" tests="2" failures="0" timestamp="21 Aug 2019 07:54:00 GMT" time="36.263" errors="0">
  <testcase name="$spock_feature_1_1" time="18.194" classname="TransactionIntegrationsTest"/>
  <testcase name="$spock_feature_1_0" time="18.069" classname="TransactionIntegrationsTest"/>
</testsuite> <!-- TransactionIntegrationsTest -->
