<?xml version="1.0" encoding="UTF-8"?>
<!-- Generated by org.testng.reporters.JUnitReportReporter -->
<testsuite skipped="0" hostname="Ferhats-MBP.lan" name="TransactionIntegrationsTest" tests="2" failures="0" timestamp="04 Sep 2019 19:58:34 GMT" time="32.211" errors="0">
  <testcase name="$spock_feature_1_1" time="16.162" classname="TransactionIntegrationsTest"/>
  <testcase name="$spock_feature_1_0" time="16.049" classname="TransactionIntegrationsTest"/>
</testsuite> <!-- TransactionIntegrationsTest -->
