<?xml version="1.0" encoding="UTF-8"?>
<!-- Generated by org.testng.reporters.JUnitReportReporter -->
<testsuite skipped="0" hostname="Ferhats-MacBook-Pro.local" name="TransactionIntegrationsTest" tests="2" failures="0" timestamp="03 Sep 2019 21:20:35 GMT" time="30.794" errors="0">
  <testcase name="$spock_feature_1_1" time="15.435" classname="TransactionIntegrationsTest"/>
  <testcase name="$spock_feature_1_0" time="15.359" classname="TransactionIntegrationsTest"/>
</testsuite> <!-- TransactionIntegrationsTest -->
