<?xml version="1.0" encoding="UTF-8"?>
<testsuite xmlns:xsi="http://www.w3.org/2001/XMLSchema-instance" xsi:noNamespaceSchemaLocation="https://maven.apache.org/surefire/maven-surefire-plugin/xsd/surefire-test-report.xsd" name="TestSuite" time="13.247" tests="4" errors="0" skipped="0" failures="0">
  <properties>
    <property name="gopherProxySet" value="false"/>
    <property name="awt.toolkit" value="sun.lwawt.macosx.LWCToolkit"/>
    <property name="file.encoding.pkg" value="sun.io"/>
    <property name="java.specification.version" value="1.8"/>
    <property name="sun.cpu.isalist" value=""/>
    <property name="sun.jnu.encoding" value="UTF-8"/>
    <property name="java.class.path" value="/Users/ferhatb/qapital-backend-test/qapital-savings/qapital-savings-test/qapital-savings-test-integration/target/test-classes:/Users/ferhatb/qapital-backend-test/qapital-savings/qapital-savings-test/qapital-savings-test-integration/target/classes:/Users/ferhatb/qapital-backend-test/qapital-savings/qapital-savings-main/target/qapital-savings-main-1.0-SNAPSHOT.jar:/Users/ferhatb/.m2/repository/org/springframework/boot/spring-boot-starter-jetty/2.1.6.RELEASE/spring-boot-starter-jetty-2.1.6.RELEASE.jar:/Users/ferhatb/.m2/repository/org/eclipse/jetty/jetty-servlets/9.4.19.v20190610/jetty-servlets-9.4.19.v20190610.jar:/Users/ferhatb/.m2/repository/org/eclipse/jetty/jetty-continuation/9.4.19.v20190610/jetty-continuation-9.4.19.v20190610.jar:/Users/ferhatb/.m2/repository/org/eclipse/jetty/jetty-http/9.4.19.v20190610/jetty-http-9.4.19.v20190610.jar:/Users/ferhatb/.m2/repository/org/eclipse/jetty/jetty-util/9.4.19.v20190610/jetty-util-9.4.19.v20190610.jar:/Users/ferhatb/.m2/repository/org/eclipse/jetty/jetty-io/9.4.19.v20190610/jetty-io-9.4.19.v20190610.jar:/Users/ferhatb/.m2/repository/org/eclipse/jetty/jetty-webapp/9.4.19.v20190610/jetty-webapp-9.4.19.v20190610.jar:/Users/ferhatb/.m2/repository/org/eclipse/jetty/jetty-xml/9.4.19.v20190610/jetty-xml-9.4.19.v20190610.jar:/Users/ferhatb/.m2/repository/org/eclipse/jetty/jetty-servlet/9.4.19.v20190610/jetty-servlet-9.4.19.v20190610.jar:/Users/ferhatb/.m2/repository/org/eclipse/jetty/jetty-security/9.4.19.v20190610/jetty-security-9.4.19.v20190610.jar:/Users/ferhatb/.m2/repository/org/eclipse/jetty/jetty-server/9.4.19.v20190610/jetty-server-9.4.19.v20190610.jar:/Users/ferhatb/.m2/repository/org/eclipse/jetty/websocket/websocket-server/9.4.19.v20190610/websocket-server-9.4.19.v20190610.jar:/Users/ferhatb/.m2/repository/org/eclipse/jetty/websocket/websocket-common/9.4.19.v20190610/websocket-common-9.4.19.v20190610.jar:/Users/ferhatb/.m2/repository/org/eclipse/jetty/websocket/websocket-api/9.4.19.v20190610/websocket-api-9.4.19.v20190610.jar:/Users/ferhatb/.m2/repository/org/eclipse/jetty/websocket/websocket-client/9.4.19.v20190610/websocket-client-9.4.19.v20190610.jar:/Users/ferhatb/.m2/repository/org/eclipse/jetty/jetty-client/9.4.19.v20190610/jetty-client-9.4.19.v20190610.jar:/Users/ferhatb/.m2/repository/org/eclipse/jetty/websocket/websocket-servlet/9.4.19.v20190610/websocket-servlet-9.4.19.v20190610.jar:/Users/ferhatb/.m2/repository/javax/servlet/javax.servlet-api/3.1.0/javax.servlet-api-3.1.0.jar:/Users/ferhatb/.m2/repository/org/eclipse/jetty/websocket/javax-websocket-server-impl/9.4.19.v20190610/javax-websocket-server-impl-9.4.19.v20190610.jar:/Users/ferhatb/.m2/repository/org/eclipse/jetty/jetty-annotations/9.4.19.v20190610/jetty-annotations-9.4.19.v20190610.jar:/Users/ferhatb/.m2/repository/org/eclipse/jetty/jetty-plus/9.4.19.v20190610/jetty-plus-9.4.19.v20190610.jar:/Users/ferhatb/.m2/repository/org/ow2/asm/asm/7.1/asm-7.1.jar:/Users/ferhatb/.m2/repository/org/ow2/asm/asm-commons/7.1/asm-commons-7.1.jar:/Users/ferhatb/.m2/repository/org/ow2/asm/asm-tree/7.1/asm-tree-7.1.jar:/Users/ferhatb/.m2/repository/org/ow2/asm/asm-analysis/7.1/asm-analysis-7.1.jar:/Users/ferhatb/.m2/repository/org/eclipse/jetty/websocket/javax-websocket-client-impl/9.4.19.v20190610/javax-websocket-client-impl-9.4.19.v20190610.jar:/Users/ferhatb/.m2/repository/javax/websocket/javax.websocket-api/1.0/javax.websocket-api-1.0.jar:/Users/ferhatb/.m2/repository/org/mortbay/jasper/apache-el/8.5.40/apache-el-8.5.40.jar:/Users/ferhatb/qapital-backend-test/qapital-savings/qapital-savings-rest-service/target/qapital-savings-rest-service-1.0-SNAPSHOT.jar:/Users/ferhatb/qapital-backend-test/qapital-savings/qapital-savings-service/target/qapital-savings-service-1.0-SNAPSHOT.jar:/Users/ferhatb/qapital-backend-test/qapital-savings/qapital-savings-dao/target/qapital-savings-dao-1.0-SNAPSHOT.jar:/Users/ferhatb/qapital-backend-test/qapital-savings/qapital-savings-domain/target/qapital-savings-domain-1.0-SNAPSHOT.jar:/Users/ferhatb/.m2/repository/org/springframework/boot/spring-boot-starter-jdbc/2.1.6.RELEASE/spring-boot-starter-jdbc-2.1.6.RELEASE.jar:/Users/ferhatb/.m2/repository/com/zaxxer/HikariCP/3.2.0/HikariCP-3.2.0.jar:/Users/ferhatb/.m2/repository/org/springframework/spring-jdbc/5.1.8.RELEASE/spring-jdbc-5.1.8.RELEASE.jar:/Users/ferhatb/.m2/repository/org/xerial/sqlite-jdbc/3.28.0/sqlite-jdbc-3.28.0.jar:/Users/ferhatb/.m2/repository/com/zsoltfabok/sqlite-dialect/1.0/sqlite-dialect-1.0.jar:/Users/ferhatb/.m2/repository/org/hibernate/hibernate-core/5.4.3.Final/hibernate-core-5.4.3.Final.jar:/Users/ferhatb/.m2/repository/javax/persistence/javax.persistence-api/2.2/javax.persistence-api-2.2.jar:/Users/ferhatb/.m2/repository/org/javassist/javassist/3.24.0-GA/javassist-3.24.0-GA.jar:/Users/ferhatb/.m2/repository/antlr/antlr/2.7.7/antlr-2.7.7.jar:/Users/ferhatb/.m2/repository/org/jboss/spec/javax/transaction/jboss-transaction-api_1.2_spec/1.1.1.Final/jboss-transaction-api_1.2_spec-1.1.1.Final.jar:/Users/ferhatb/.m2/repository/org/jboss/jandex/2.0.5.Final/jandex-2.0.5.Final.jar:/Users/ferhatb/.m2/repository/javax/activation/javax.activation-api/1.2.0/javax.activation-api-1.2.0.jar:/Users/ferhatb/.m2/repository/org/dom4j/dom4j/2.1.1/dom4j-2.1.1.jar:/Users/ferhatb/.m2/repository/org/hibernate/common/hibernate-commons-annotations/5.1.0.Final/hibernate-commons-annotations-5.1.0.Final.jar:/Users/ferhatb/.m2/repository/javax/xml/bind/jaxb-api/2.3.1/jaxb-api-2.3.1.jar:/Users/ferhatb/.m2/repository/org/glassfish/jaxb/jaxb-runtime/2.3.1/jaxb-runtime-2.3.1.jar:/Users/ferhatb/.m2/repository/org/glassfish/jaxb/txw2/2.3.1/txw2-2.3.1.jar:/Users/ferhatb/.m2/repository/com/sun/istack/istack-commons-runtime/3.0.7/istack-commons-runtime-3.0.7.jar:/Users/ferhatb/.m2/repository/org/jvnet/staxex/stax-ex/1.8/stax-ex-1.8.jar:/Users/ferhatb/.m2/repository/com/sun/xml/fastinfoset/FastInfoset/1.2.15/FastInfoset-1.2.15.jar:/Users/ferhatb/.m2/repository/org/liquibase/liquibase-core/3.4.1/liquibase-core-3.4.1.jar:/Users/ferhatb/.m2/repository/org/jdbi/jdbi/2.78/jdbi-2.78.jar:/Users/ferhatb/.m2/repository/org/jdbi/jdbi3-sqlobject/3.9.1/jdbi3-sqlobject-3.9.1.jar:/Users/ferhatb/.m2/repository/org/jdbi/jdbi3-core/3.9.1/jdbi3-core-3.9.1.jar:/Users/ferhatb/.m2/repository/org/antlr/antlr4-runtime/4.7.2/antlr4-runtime-4.7.2.jar:/Users/ferhatb/.m2/repository/io/leangen/geantyref/geantyref/1.3.7/geantyref-1.3.7.jar:/Users/ferhatb/.m2/repository/org/jdbi/jdbi3-sqlite/3.1.0/jdbi3-sqlite-3.1.0.jar:/Users/ferhatb/.m2/repository/com/google/guava/guava/28.0-jre/guava-28.0-jre.jar:/Users/ferhatb/.m2/repository/com/google/guava/failureaccess/1.0.1/failureaccess-1.0.1.jar:/Users/ferhatb/.m2/repository/com/google/guava/listenablefuture/9999.0-empty-to-avoid-conflict-with-guava/listenablefuture-9999.0-empty-to-avoid-conflict-with-guava.jar:/Users/ferhatb/.m2/repository/com/google/code/findbugs/jsr305/3.0.2/jsr305-3.0.2.jar:/Users/ferhatb/.m2/repository/org/checkerframework/checker-qual/2.8.1/checker-qual-2.8.1.jar:/Users/ferhatb/.m2/repository/com/google/errorprone/error_prone_annotations/2.3.2/error_prone_annotations-2.3.2.jar:/Users/ferhatb/.m2/repository/com/google/j2objc/j2objc-annotations/1.3/j2objc-annotations-1.3.jar:/Users/ferhatb/.m2/repository/org/codehaus/mojo/animal-sniffer-annotations/1.17/animal-sniffer-annotations-1.17.jar:/Users/ferhatb/.m2/repository/org/springframework/boot/spring-boot-starter-test/2.1.7.RELEASE/spring-boot-starter-test-2.1.7.RELEASE.jar:/Users/ferhatb/.m2/repository/org/springframework/boot/spring-boot-starter/2.1.7.RELEASE/spring-boot-starter-2.1.7.RELEASE.jar:/Users/ferhatb/.m2/repository/org/springframework/boot/spring-boot/2.1.7.RELEASE/spring-boot-2.1.7.RELEASE.jar:/Users/ferhatb/.m2/repository/org/springframework/boot/spring-boot-autoconfigure/2.1.7.RELEASE/spring-boot-autoconfigure-2.1.7.RELEASE.jar:/Users/ferhatb/.m2/repository/org/springframework/boot/spring-boot-starter-logging/2.1.7.RELEASE/spring-boot-starter-logging-2.1.7.RELEASE.jar:/Users/ferhatb/.m2/repository/ch/qos/logback/logback-classic/1.2.3/logback-classic-1.2.3.jar:/Users/ferhatb/.m2/repository/ch/qos/logback/logback-core/1.2.3/logback-core-1.2.3.jar:/Users/ferhatb/.m2/repository/org/apache/logging/log4j/log4j-to-slf4j/2.11.2/log4j-to-slf4j-2.11.2.jar:/Users/ferhatb/.m2/repository/org/apache/logging/log4j/log4j-api/2.11.2/log4j-api-2.11.2.jar:/Users/ferhatb/.m2/repository/org/slf4j/jul-to-slf4j/1.7.26/jul-to-slf4j-1.7.26.jar:/Users/ferhatb/.m2/repository/javax/annotation/javax.annotation-api/1.3.2/javax.annotation-api-1.3.2.jar:/Users/ferhatb/.m2/repository/org/yaml/snakeyaml/1.23/snakeyaml-1.23.jar:/Users/ferhatb/.m2/repository/org/springframework/boot/spring-boot-test/2.1.7.RELEASE/spring-boot-test-2.1.7.RELEASE.jar:/Users/ferhatb/.m2/repository/org/springframework/boot/spring-boot-test-autoconfigure/2.1.7.RELEASE/spring-boot-test-autoconfigure-2.1.7.RELEASE.jar:/Users/ferhatb/.m2/repository/com/jayway/jsonpath/json-path/2.4.0/json-path-2.4.0.jar:/Users/ferhatb/.m2/repository/net/minidev/json-smart/2.3/json-smart-2.3.jar:/Users/ferhatb/.m2/repository/net/minidev/accessors-smart/1.2/accessors-smart-1.2.jar:/Users/ferhatb/.m2/repository/org/slf4j/slf4j-api/1.7.25/slf4j-api-1.7.25.jar:/Users/ferhatb/.m2/repository/junit/junit/4.12/junit-4.12.jar:/Users/ferhatb/.m2/repository/org/assertj/assertj-core/3.11.1/assertj-core-3.11.1.jar:/Users/ferhatb/.m2/repository/org/mockito/mockito-core/2.23.4/mockito-core-2.23.4.jar:/Users/ferhatb/.m2/repository/net/bytebuddy/byte-buddy/1.9.3/byte-buddy-1.9.3.jar:/Users/ferhatb/.m2/repository/net/bytebuddy/byte-buddy-agent/1.9.3/byte-buddy-agent-1.9.3.jar:/Users/ferhatb/.m2/repository/org/objenesis/objenesis/2.6/objenesis-2.6.jar:/Users/ferhatb/.m2/repository/org/hamcrest/hamcrest-core/1.3/hamcrest-core-1.3.jar:/Users/ferhatb/.m2/repository/org/hamcrest/hamcrest-library/1.3/hamcrest-library-1.3.jar:/Users/ferhatb/.m2/repository/org/skyscreamer/jsonassert/1.5.0/jsonassert-1.5.0.jar:/Users/ferhatb/.m2/repository/com/vaadin/external/google/android-json/0.0.20131108.vaadin1/android-json-0.0.20131108.vaadin1.jar:/Users/ferhatb/.m2/repository/org/springframework/spring-test/5.1.9.RELEASE/spring-test-5.1.9.RELEASE.jar:/Users/ferhatb/.m2/repository/org/xmlunit/xmlunit-core/2.6.3/xmlunit-core-2.6.3.jar:/Users/ferhatb/.m2/repository/org/springframework/spring-core/5.1.9.RELEASE/spring-core-5.1.9.RELEASE.jar:/Users/ferhatb/.m2/repository/org/springframework/spring-jcl/5.1.9.RELEASE/spring-jcl-5.1.9.RELEASE.jar:/Users/ferhatb/.m2/repository/org/spockframework/spock-core/1.3-groovy-2.5/spock-core-1.3-groovy-2.5.jar:/Users/ferhatb/.m2/repository/org/codehaus/groovy/groovy/2.5.4/groovy-2.5.4.jar:/Users/ferhatb/.m2/repository/org/codehaus/groovy/groovy-json/2.5.4/groovy-json-2.5.4.jar:/Users/ferhatb/.m2/repository/org/codehaus/groovy/groovy-nio/2.5.4/groovy-nio-2.5.4.jar:/Users/ferhatb/.m2/repository/org/codehaus/groovy/groovy-macro/2.5.4/groovy-macro-2.5.4.jar:/Users/ferhatb/.m2/repository/org/codehaus/groovy/groovy-templates/2.5.4/groovy-templates-2.5.4.jar:/Users/ferhatb/.m2/repository/org/codehaus/groovy/groovy-test/2.5.4/groovy-test-2.5.4.jar:/Users/ferhatb/.m2/repository/org/codehaus/groovy/groovy-sql/2.5.4/groovy-sql-2.5.4.jar:/Users/ferhatb/.m2/repository/org/codehaus/groovy/groovy-xml/2.5.4/groovy-xml-2.5.4.jar:/Users/ferhatb/.m2/repository/org/codehaus/groovy/groovy-ant/3.0.0-beta-3/groovy-ant-3.0.0-beta-3.jar:/Users/ferhatb/.m2/repository/org/apache/ant/ant/1.10.5/ant-1.10.5.jar:/Users/ferhatb/.m2/repository/org/apache/ant/ant-junit/1.10.5/ant-junit-1.10.5.jar:/Users/ferhatb/.m2/repository/org/apache/ant/ant-launcher/1.10.5/ant-launcher-1.10.5.jar:/Users/ferhatb/.m2/repository/org/apache/ant/ant-antlr/1.10.5/ant-antlr-1.10.5.jar:/Users/ferhatb/.m2/repository/org/codehaus/groovy/groovy-cli-picocli/3.0.0-beta-3/groovy-cli-picocli-3.0.0-beta-3.jar:/Users/ferhatb/.m2/repository/org/codehaus/groovy/groovy-console/3.0.0-beta-3/groovy-console-3.0.0-beta-3.jar:/Users/ferhatb/.m2/repository/org/codehaus/groovy/groovy-datetime/3.0.0-beta-3/groovy-datetime-3.0.0-beta-3.jar:/Users/ferhatb/.m2/repository/org/codehaus/groovy/groovy-docgenerator/3.0.0-beta-3/groovy-docgenerator-3.0.0-beta-3.jar:/Users/ferhatb/.m2/repository/com/thoughtworks/qdox/qdox/1.12.1/qdox-1.12.1.jar:/Users/ferhatb/.m2/repository/org/codehaus/groovy/groovy-groovydoc/3.0.0-beta-3/groovy-groovydoc-3.0.0-beta-3.jar:/Users/ferhatb/.m2/repository/org/codehaus/groovy/groovy-groovysh/3.0.0-beta-3/groovy-groovysh-3.0.0-beta-3.jar:/Users/ferhatb/.m2/repository/jline/jline/2.14.6/jline-2.14.6.jar:/Users/ferhatb/.m2/repository/org/codehaus/groovy/groovy-jmx/3.0.0-beta-3/groovy-jmx-3.0.0-beta-3.jar:/Users/ferhatb/.m2/repository/org/codehaus/groovy/groovy-jsr223/3.0.0-beta-3/groovy-jsr223-3.0.0-beta-3.jar:/Users/ferhatb/.m2/repository/org/codehaus/groovy/groovy-servlet/3.0.0-beta-3/groovy-servlet-3.0.0-beta-3.jar:/Users/ferhatb/.m2/repository/org/codehaus/groovy/groovy-swing/3.0.0-beta-3/groovy-swing-3.0.0-beta-3.jar:/Users/ferhatb/.m2/repository/org/codehaus/groovy/groovy-test-junit5/3.0.0-beta-3/groovy-test-junit5-3.0.0-beta-3.jar:/Users/ferhatb/.m2/repository/org/junit/platform/junit-platform-launcher/1.5.1/junit-platform-launcher-1.5.1.jar:/Users/ferhatb/.m2/repository/org/apiguardian/apiguardian-api/1.1.0/apiguardian-api-1.1.0.jar:/Users/ferhatb/.m2/repository/org/junit/platform/junit-platform-engine/1.5.1/junit-platform-engine-1.5.1.jar:/Users/ferhatb/.m2/repository/org/opentest4j/opentest4j/1.2.0/opentest4j-1.2.0.jar:/Users/ferhatb/.m2/repository/org/junit/platform/junit-platform-commons/1.5.1/junit-platform-commons-1.5.1.jar:/Users/ferhatb/.m2/repository/org/junit/jupiter/junit-jupiter-engine/5.5.1/junit-jupiter-engine-5.5.1.jar:/Users/ferhatb/.m2/repository/org/junit/jupiter/junit-jupiter-api/5.5.1/junit-jupiter-api-5.5.1.jar:/Users/ferhatb/.m2/repository/org/codehaus/groovy/groovy-testng/3.0.0-beta-3/groovy-testng-3.0.0-beta-3.jar:/Users/ferhatb/.m2/repository/org/testng/testng/6.14.3/testng-6.14.3.jar:/Users/ferhatb/.m2/repository/com/beust/jcommander/1.72/jcommander-1.72.jar:/Users/ferhatb/.m2/repository/org/springframework/spring-web/5.1.9.RELEASE/spring-web-5.1.9.RELEASE.jar:/Users/ferhatb/.m2/repository/org/springframework/spring-beans/5.1.9.RELEASE/spring-beans-5.1.9.RELEASE.jar:/Users/ferhatb/.m2/repository/com/qapital/kafka/kafka-starter/1.0-SNAPSHOT/kafka-starter-1.0-SNAPSHOT.jar:/Users/ferhatb/.m2/repository/org/springframework/boot/spring-boot-starter-web/2.1.6.RELEASE/spring-boot-starter-web-2.1.6.RELEASE.jar:/Users/ferhatb/.m2/repository/org/springframework/boot/spring-boot-starter-json/2.1.6.RELEASE/spring-boot-starter-json-2.1.6.RELEASE.jar:/Users/ferhatb/.m2/repository/com/fasterxml/jackson/datatype/jackson-datatype-jsr310/2.9.9/jackson-datatype-jsr310-2.9.9.jar:/Users/ferhatb/.m2/repository/com/fasterxml/jackson/module/jackson-module-parameter-names/2.9.9/jackson-module-parameter-names-2.9.9.jar:/Users/ferhatb/.m2/repository/org/hibernate/validator/hibernate-validator/6.0.17.Final/hibernate-validator-6.0.17.Final.jar:/Users/ferhatb/.m2/repository/javax/validation/validation-api/2.0.1.Final/validation-api-2.0.1.Final.jar:/Users/ferhatb/.m2/repository/org/jboss/logging/jboss-logging/3.3.2.Final/jboss-logging-3.3.2.Final.jar:/Users/ferhatb/.m2/repository/com/fasterxml/classmate/1.3.4/classmate-1.3.4.jar:/Users/ferhatb/.m2/repository/org/springframework/spring-webmvc/5.1.8.RELEASE/spring-webmvc-5.1.8.RELEASE.jar:/Users/ferhatb/.m2/repository/org/springframework/spring-aop/5.1.8.RELEASE/spring-aop-5.1.8.RELEASE.jar:/Users/ferhatb/.m2/repository/org/springframework/spring-expression/5.1.8.RELEASE/spring-expression-5.1.8.RELEASE.jar:/Users/ferhatb/.m2/repository/org/springframework/kafka/spring-kafka/2.2.8.RELEASE/spring-kafka-2.2.8.RELEASE.jar:/Users/ferhatb/.m2/repository/org/springframework/spring-context/5.1.9.RELEASE/spring-context-5.1.9.RELEASE.jar:/Users/ferhatb/.m2/repository/org/springframework/spring-messaging/5.1.9.RELEASE/spring-messaging-5.1.9.RELEASE.jar:/Users/ferhatb/.m2/repository/org/springframework/spring-tx/5.1.9.RELEASE/spring-tx-5.1.9.RELEASE.jar:/Users/ferhatb/.m2/repository/org/springframework/retry/spring-retry/1.2.4.RELEASE/spring-retry-1.2.4.RELEASE.jar:/Users/ferhatb/.m2/repository/org/apache/kafka/kafka_2.11/2.3.0/kafka_2.11-2.3.0.jar:/Users/ferhatb/.m2/repository/com/fasterxml/jackson/core/jackson-databind/2.9.9/jackson-databind-2.9.9.jar:/Users/ferhatb/.m2/repository/com/fasterxml/jackson/core/jackson-annotations/2.9.0/jackson-annotations-2.9.0.jar:/Users/ferhatb/.m2/repository/com/fasterxml/jackson/core/jackson-core/2.9.9/jackson-core-2.9.9.jar:/Users/ferhatb/.m2/repository/com/fasterxml/jackson/module/jackson-module-scala_2.11/2.9.9/jackson-module-scala_2.11-2.9.9.jar:/Users/ferhatb/.m2/repository/com/fasterxml/jackson/module/jackson-module-paranamer/2.9.9/jackson-module-paranamer-2.9.9.jar:/Users/ferhatb/.m2/repository/com/thoughtworks/paranamer/paranamer/2.8/paranamer-2.8.jar:/Users/ferhatb/.m2/repository/com/fasterxml/jackson/dataformat/jackson-dataformat-csv/2.9.9/jackson-dataformat-csv-2.9.9.jar:/Users/ferhatb/.m2/repository/com/fasterxml/jackson/datatype/jackson-datatype-jdk8/2.9.9/jackson-datatype-jdk8-2.9.9.jar:/Users/ferhatb/.m2/repository/net/sf/jopt-simple/jopt-simple/5.0.4/jopt-simple-5.0.4.jar:/Users/ferhatb/.m2/repository/com/yammer/metrics/metrics-core/2.2.0/metrics-core-2.2.0.jar:/Users/ferhatb/.m2/repository/org/scala-lang/scala-library/2.11.12/scala-library-2.11.12.jar:/Users/ferhatb/.m2/repository/org/scala-lang/scala-reflect/2.11.12/scala-reflect-2.11.12.jar:/Users/ferhatb/.m2/repository/com/typesafe/scala-logging/scala-logging_2.11/3.9.0/scala-logging_2.11-3.9.0.jar:/Users/ferhatb/.m2/repository/com/101tec/zkclient/0.11/zkclient-0.11.jar:/Users/ferhatb/.m2/repository/org/apache/zookeeper/zookeeper/3.4.14/zookeeper-3.4.14.jar:/Users/ferhatb/.m2/repository/com/github/spotbugs/spotbugs-annotations/3.1.9/spotbugs-annotations-3.1.9.jar:/Users/ferhatb/.m2/repository/org/apache/yetus/audience-annotations/0.5.0/audience-annotations-0.5.0.jar:/Users/ferhatb/.m2/repository/org/apache/kafka/kafka-clients/2.3.0/kafka-clients-2.3.0.jar:/Users/ferhatb/.m2/repository/com/github/luben/zstd-jni/1.4.0-1/zstd-jni-1.4.0-1.jar:/Users/ferhatb/.m2/repository/org/lz4/lz4-java/1.6.0/lz4-java-1.6.0.jar:/Users/ferhatb/.m2/repository/org/xerial/snappy/snappy-java/1.1.7.3/snappy-java-1.1.7.3.jar:/Users/ferhatb/.m2/repository/com/qapital/kafka/kafka-event-subscriber/1.0-SNAPSHOT/kafka-event-subscriber-1.0-SNAPSHOT.jar:/Users/ferhatb/.m2/repository/com/qapital/kafka/kafka-event-specs/1.0-SNAPSHOT/kafka-event-specs-1.0-SNAPSHOT.jar:/Users/ferhatb/.m2/repository/com/google/api/grpc/googleapis-common-protos/0.0.3/googleapis-common-protos-0.0.3.jar:/Users/ferhatb/.m2/repository/com/google/protobuf/protobuf-java/3.9.1/protobuf-java-3.9.1.jar:/Users/ferhatb/.m2/repository/io/grpc/grpc-netty/1.22.1/grpc-netty-1.22.1.jar:/Users/ferhatb/.m2/repository/io/grpc/grpc-core/1.22.1/grpc-core-1.22.1.jar:/Users/ferhatb/.m2/repository/com/google/code/gson/gson/2.7/gson-2.7.jar:/Users/ferhatb/.m2/repository/com/google/android/annotations/4.1.1.4/annotations-4.1.1.4.jar:/Users/ferhatb/.m2/repository/io/perfmark/perfmark-api/0.16.0/perfmark-api-0.16.0.jar:/Users/ferhatb/.m2/repository/io/opencensus/opencensus-api/0.21.0/opencensus-api-0.21.0.jar:/Users/ferhatb/.m2/repository/io/opencensus/opencensus-contrib-grpc-metrics/0.21.0/opencensus-contrib-grpc-metrics-0.21.0.jar:/Users/ferhatb/.m2/repository/io/netty/netty-codec-http2/4.1.35.Final/netty-codec-http2-4.1.35.Final.jar:/Users/ferhatb/.m2/repository/io/netty/netty-common/4.1.35.Final/netty-common-4.1.35.Final.jar:/Users/ferhatb/.m2/repository/io/netty/netty-buffer/4.1.35.Final/netty-buffer-4.1.35.Final.jar:/Users/ferhatb/.m2/repository/io/netty/netty-transport/4.1.35.Final/netty-transport-4.1.35.Final.jar:/Users/ferhatb/.m2/repository/io/netty/netty-resolver/4.1.35.Final/netty-resolver-4.1.35.Final.jar:/Users/ferhatb/.m2/repository/io/netty/netty-codec/4.1.35.Final/netty-codec-4.1.35.Final.jar:/Users/ferhatb/.m2/repository/io/netty/netty-handler/4.1.35.Final/netty-handler-4.1.35.Final.jar:/Users/ferhatb/.m2/repository/io/netty/netty-codec-http/4.1.35.Final/netty-codec-http-4.1.35.Final.jar:/Users/ferhatb/.m2/repository/io/netty/netty-handler-proxy/4.1.35.Final/netty-handler-proxy-4.1.35.Final.jar:/Users/ferhatb/.m2/repository/io/netty/netty-codec-socks/4.1.35.Final/netty-codec-socks-4.1.35.Final.jar:/Users/ferhatb/.m2/repository/io/grpc/grpc-protobuf/1.22.1/grpc-protobuf-1.22.1.jar:/Users/ferhatb/.m2/repository/io/grpc/grpc-api/1.22.1/grpc-api-1.22.1.jar:/Users/ferhatb/.m2/repository/io/grpc/grpc-context/1.22.1/grpc-context-1.22.1.jar:/Users/ferhatb/.m2/repository/com/google/api/grpc/proto-google-common-protos/1.12.0/proto-google-common-protos-1.12.0.jar:/Users/ferhatb/.m2/repository/io/grpc/grpc-protobuf-lite/1.22.1/grpc-protobuf-lite-1.22.1.jar:/Users/ferhatb/.m2/repository/io/grpc/grpc-stub/1.22.1/grpc-stub-1.22.1.jar:/Users/ferhatb/.m2/repository/com/qapital/kafka/kafka-event-serialization/1.0-SNAPSHOT/kafka-event-serialization-1.0-SNAPSHOT.jar:/Users/ferhatb/.m2/repository/org/apache/commons/commons-lang3/3.9/commons-lang3-3.9.jar:/Users/ferhatb/.m2/repository/org/xolstice/maven/plugins/protobuf-maven-plugin/0.6.1/protobuf-maven-plugin-0.6.1.jar:/Users/ferhatb/.m2/repository/org/apache/maven/maven-plugin-api/3.0/maven-plugin-api-3.0.jar:/Users/ferhatb/.m2/repository/org/apache/maven/maven-model/3.0/maven-model-3.0.jar:/Users/ferhatb/.m2/repository/org/sonatype/sisu/sisu-inject-plexus/1.4.2/sisu-inject-plexus-1.4.2.jar:/Users/ferhatb/.m2/repository/org/sonatype/sisu/sisu-inject-bean/1.4.2/sisu-inject-bean-1.4.2.jar:/Users/ferhatb/.m2/repository/org/sonatype/sisu/sisu-guice/2.1.7/sisu-guice-2.1.7-noaop.jar:/Users/ferhatb/.m2/repository/org/apache/maven/plugin-tools/maven-plugin-annotations/3.5.2/maven-plugin-annotations-3.5.2.jar:/Users/ferhatb/.m2/repository/org/codehaus/plexus/plexus-utils/3.1.0/plexus-utils-3.1.0.jar:/Users/ferhatb/.m2/repository/org/codehaus/plexus/plexus-component-annotations/1.7.1/plexus-component-annotations-1.7.1.jar:/Users/ferhatb/.m2/repository/org/sonatype/plexus/plexus-build-api/0.0.7/plexus-build-api-0.0.7.jar:/Users/ferhatb/.m2/repository/org/apache/maven/maven-core/3.0/maven-core-3.0.jar:/Users/ferhatb/.m2/repository/org/apache/maven/maven-settings/3.0/maven-settings-3.0.jar:/Users/ferhatb/.m2/repository/org/apache/maven/maven-settings-builder/3.0/maven-settings-builder-3.0.jar:/Users/ferhatb/.m2/repository/org/apache/maven/maven-repository-metadata/3.0/maven-repository-metadata-3.0.jar:/Users/ferhatb/.m2/repository/org/apache/maven/maven-model-builder/3.0/maven-model-builder-3.0.jar:/Users/ferhatb/.m2/repository/org/apache/maven/maven-aether-provider/3.0/maven-aether-provider-3.0.jar:/Users/ferhatb/.m2/repository/org/sonatype/aether/aether-impl/1.7/aether-impl-1.7.jar:/Users/ferhatb/.m2/repository/org/sonatype/aether/aether-spi/1.7/aether-spi-1.7.jar:/Users/ferhatb/.m2/repository/org/sonatype/aether/aether-api/1.7/aether-api-1.7.jar:/Users/ferhatb/.m2/repository/org/sonatype/aether/aether-util/1.7/aether-util-1.7.jar:/Users/ferhatb/.m2/repository/org/codehaus/plexus/plexus-interpolation/1.14/plexus-interpolation-1.14.jar:/Users/ferhatb/.m2/repository/org/codehaus/plexus/plexus-classworlds/2.2.3/plexus-classworlds-2.2.3.jar:/Users/ferhatb/.m2/repository/org/sonatype/plexus/plexus-sec-dispatcher/1.3/plexus-sec-dispatcher-1.3.jar:/Users/ferhatb/.m2/repository/org/sonatype/plexus/plexus-cipher/1.4/plexus-cipher-1.4.jar:/Users/ferhatb/.m2/repository/org/apache/maven/maven-artifact/3.0/maven-artifact-3.0.jar:/Users/ferhatb/.m2/repository/org/apache/maven/maven-compat/3.0/maven-compat-3.0.jar:/Users/ferhatb/.m2/repository/org/apache/maven/wagon/wagon-provider-api/1.0-beta-6/wagon-provider-api-1.0-beta-6.jar:/Users/ferhatb/.m2/repository/org/apache/maven/surefire/surefire-testng-utils/2.22.0/surefire-testng-utils-2.22.0.jar:/Users/ferhatb/.m2/repository/org/apache/maven/surefire/surefire-grouper/2.22.0/surefire-grouper-2.22.0.jar:"/>
    <property name="java.vm.vendor" value="Oracle Corporation"/>
    <property name="sun.arch.data.model" value="64"/>
    <property name="java.vendor.url" value="http://java.oracle.com/"/>
    <property name="user.timezone" value=""/>
    <property name="java.vm.specification.version" value="1.8"/>
    <property name="os.name" value="Mac OS X"/>
    <property name="user.country" value="ES"/>
    <property name="sun.java.launcher" value="SUN_STANDARD"/>
    <property name="sun.boot.library.path" value="/Library/Java/JavaVirtualMachines/jdk1.8.0_172.jdk/Contents/Home/jre/lib"/>
    <property name="sun.java.command" value="/Users/ferhatb/qapital-backend-test/qapital-savings/qapital-savings-test/qapital-savings-test-integration/target/surefire/surefirebooter4727515516468239436.jar /Users/ferhatb/qapital-backend-test/qapital-savings/qapital-savings-test/qapital-savings-test-integration/target/surefire 2019-09-03T23-19-37_538-jvmRun1 surefire2537709524254438378tmp surefire_02507369291607320679tmp"/>
    <property name="http.nonProxyHosts" value="local|*.local|169.254/16|*.169.254/16"/>
    <property name="surefire.test.class.path" value="/Users/ferhatb/qapital-backend-test/qapital-savings/qapital-savings-test/qapital-savings-test-integration/target/test-classes:/Users/ferhatb/qapital-backend-test/qapital-savings/qapital-savings-test/qapital-savings-test-integration/target/classes:/Users/ferhatb/qapital-backend-test/qapital-savings/qapital-savings-main/target/qapital-savings-main-1.0-SNAPSHOT.jar:/Users/ferhatb/.m2/repository/org/springframework/boot/spring-boot-starter-jetty/2.1.6.RELEASE/spring-boot-starter-jetty-2.1.6.RELEASE.jar:/Users/ferhatb/.m2/repository/org/eclipse/jetty/jetty-servlets/9.4.19.v20190610/jetty-servlets-9.4.19.v20190610.jar:/Users/ferhatb/.m2/repository/org/eclipse/jetty/jetty-continuation/9.4.19.v20190610/jetty-continuation-9.4.19.v20190610.jar:/Users/ferhatb/.m2/repository/org/eclipse/jetty/jetty-http/9.4.19.v20190610/jetty-http-9.4.19.v20190610.jar:/Users/ferhatb/.m2/repository/org/eclipse/jetty/jetty-util/9.4.19.v20190610/jetty-util-9.4.19.v20190610.jar:/Users/ferhatb/.m2/repository/org/eclipse/jetty/jetty-io/9.4.19.v20190610/jetty-io-9.4.19.v20190610.jar:/Users/ferhatb/.m2/repository/org/eclipse/jetty/jetty-webapp/9.4.19.v20190610/jetty-webapp-9.4.19.v20190610.jar:/Users/ferhatb/.m2/repository/org/eclipse/jetty/jetty-xml/9.4.19.v20190610/jetty-xml-9.4.19.v20190610.jar:/Users/ferhatb/.m2/repository/org/eclipse/jetty/jetty-servlet/9.4.19.v20190610/jetty-servlet-9.4.19.v20190610.jar:/Users/ferhatb/.m2/repository/org/eclipse/jetty/jetty-security/9.4.19.v20190610/jetty-security-9.4.19.v20190610.jar:/Users/ferhatb/.m2/repository/org/eclipse/jetty/jetty-server/9.4.19.v20190610/jetty-server-9.4.19.v20190610.jar:/Users/ferhatb/.m2/repository/org/eclipse/jetty/websocket/websocket-server/9.4.19.v20190610/websocket-server-9.4.19.v20190610.jar:/Users/ferhatb/.m2/repository/org/eclipse/jetty/websocket/websocket-common/9.4.19.v20190610/websocket-common-9.4.19.v20190610.jar:/Users/ferhatb/.m2/repository/org/eclipse/jetty/websocket/websocket-api/9.4.19.v20190610/websocket-api-9.4.19.v20190610.jar:/Users/ferhatb/.m2/repository/org/eclipse/jetty/websocket/websocket-client/9.4.19.v20190610/websocket-client-9.4.19.v20190610.jar:/Users/ferhatb/.m2/repository/org/eclipse/jetty/jetty-client/9.4.19.v20190610/jetty-client-9.4.19.v20190610.jar:/Users/ferhatb/.m2/repository/org/eclipse/jetty/websocket/websocket-servlet/9.4.19.v20190610/websocket-servlet-9.4.19.v20190610.jar:/Users/ferhatb/.m2/repository/javax/servlet/javax.servlet-api/3.1.0/javax.servlet-api-3.1.0.jar:/Users/ferhatb/.m2/repository/org/eclipse/jetty/websocket/javax-websocket-server-impl/9.4.19.v20190610/javax-websocket-server-impl-9.4.19.v20190610.jar:/Users/ferhatb/.m2/repository/org/eclipse/jetty/jetty-annotations/9.4.19.v20190610/jetty-annotations-9.4.19.v20190610.jar:/Users/ferhatb/.m2/repository/org/eclipse/jetty/jetty-plus/9.4.19.v20190610/jetty-plus-9.4.19.v20190610.jar:/Users/ferhatb/.m2/repository/org/ow2/asm/asm/7.1/asm-7.1.jar:/Users/ferhatb/.m2/repository/org/ow2/asm/asm-commons/7.1/asm-commons-7.1.jar:/Users/ferhatb/.m2/repository/org/ow2/asm/asm-tree/7.1/asm-tree-7.1.jar:/Users/ferhatb/.m2/repository/org/ow2/asm/asm-analysis/7.1/asm-analysis-7.1.jar:/Users/ferhatb/.m2/repository/org/eclipse/jetty/websocket/javax-websocket-client-impl/9.4.19.v20190610/javax-websocket-client-impl-9.4.19.v20190610.jar:/Users/ferhatb/.m2/repository/javax/websocket/javax.websocket-api/1.0/javax.websocket-api-1.0.jar:/Users/ferhatb/.m2/repository/org/mortbay/jasper/apache-el/8.5.40/apache-el-8.5.40.jar:/Users/ferhatb/qapital-backend-test/qapital-savings/qapital-savings-rest-service/target/qapital-savings-rest-service-1.0-SNAPSHOT.jar:/Users/ferhatb/qapital-backend-test/qapital-savings/qapital-savings-service/target/qapital-savings-service-1.0-SNAPSHOT.jar:/Users/ferhatb/qapital-backend-test/qapital-savings/qapital-savings-dao/target/qapital-savings-dao-1.0-SNAPSHOT.jar:/Users/ferhatb/qapital-backend-test/qapital-savings/qapital-savings-domain/target/qapital-savings-domain-1.0-SNAPSHOT.jar:/Users/ferhatb/.m2/repository/org/springframework/boot/spring-boot-starter-jdbc/2.1.6.RELEASE/spring-boot-starter-jdbc-2.1.6.RELEASE.jar:/Users/ferhatb/.m2/repository/com/zaxxer/HikariCP/3.2.0/HikariCP-3.2.0.jar:/Users/ferhatb/.m2/repository/org/springframework/spring-jdbc/5.1.8.RELEASE/spring-jdbc-5.1.8.RELEASE.jar:/Users/ferhatb/.m2/repository/org/xerial/sqlite-jdbc/3.28.0/sqlite-jdbc-3.28.0.jar:/Users/ferhatb/.m2/repository/com/zsoltfabok/sqlite-dialect/1.0/sqlite-dialect-1.0.jar:/Users/ferhatb/.m2/repository/org/hibernate/hibernate-core/5.4.3.Final/hibernate-core-5.4.3.Final.jar:/Users/ferhatb/.m2/repository/javax/persistence/javax.persistence-api/2.2/javax.persistence-api-2.2.jar:/Users/ferhatb/.m2/repository/org/javassist/javassist/3.24.0-GA/javassist-3.24.0-GA.jar:/Users/ferhatb/.m2/repository/antlr/antlr/2.7.7/antlr-2.7.7.jar:/Users/ferhatb/.m2/repository/org/jboss/spec/javax/transaction/jboss-transaction-api_1.2_spec/1.1.1.Final/jboss-transaction-api_1.2_spec-1.1.1.Final.jar:/Users/ferhatb/.m2/repository/org/jboss/jandex/2.0.5.Final/jandex-2.0.5.Final.jar:/Users/ferhatb/.m2/repository/javax/activation/javax.activation-api/1.2.0/javax.activation-api-1.2.0.jar:/Users/ferhatb/.m2/repository/org/dom4j/dom4j/2.1.1/dom4j-2.1.1.jar:/Users/ferhatb/.m2/repository/org/hibernate/common/hibernate-commons-annotations/5.1.0.Final/hibernate-commons-annotations-5.1.0.Final.jar:/Users/ferhatb/.m2/repository/javax/xml/bind/jaxb-api/2.3.1/jaxb-api-2.3.1.jar:/Users/ferhatb/.m2/repository/org/glassfish/jaxb/jaxb-runtime/2.3.1/jaxb-runtime-2.3.1.jar:/Users/ferhatb/.m2/repository/org/glassfish/jaxb/txw2/2.3.1/txw2-2.3.1.jar:/Users/ferhatb/.m2/repository/com/sun/istack/istack-commons-runtime/3.0.7/istack-commons-runtime-3.0.7.jar:/Users/ferhatb/.m2/repository/org/jvnet/staxex/stax-ex/1.8/stax-ex-1.8.jar:/Users/ferhatb/.m2/repository/com/sun/xml/fastinfoset/FastInfoset/1.2.15/FastInfoset-1.2.15.jar:/Users/ferhatb/.m2/repository/org/liquibase/liquibase-core/3.4.1/liquibase-core-3.4.1.jar:/Users/ferhatb/.m2/repository/org/jdbi/jdbi/2.78/jdbi-2.78.jar:/Users/ferhatb/.m2/repository/org/jdbi/jdbi3-sqlobject/3.9.1/jdbi3-sqlobject-3.9.1.jar:/Users/ferhatb/.m2/repository/org/jdbi/jdbi3-core/3.9.1/jdbi3-core-3.9.1.jar:/Users/ferhatb/.m2/repository/org/antlr/antlr4-runtime/4.7.2/antlr4-runtime-4.7.2.jar:/Users/ferhatb/.m2/repository/io/leangen/geantyref/geantyref/1.3.7/geantyref-1.3.7.jar:/Users/ferhatb/.m2/repository/org/jdbi/jdbi3-sqlite/3.1.0/jdbi3-sqlite-3.1.0.jar:/Users/ferhatb/.m2/repository/com/google/guava/guava/28.0-jre/guava-28.0-jre.jar:/Users/ferhatb/.m2/repository/com/google/guava/failureaccess/1.0.1/failureaccess-1.0.1.jar:/Users/ferhatb/.m2/repository/com/google/guava/listenablefuture/9999.0-empty-to-avoid-conflict-with-guava/listenablefuture-9999.0-empty-to-avoid-conflict-with-guava.jar:/Users/ferhatb/.m2/repository/com/google/code/findbugs/jsr305/3.0.2/jsr305-3.0.2.jar:/Users/ferhatb/.m2/repository/org/checkerframework/checker-qual/2.8.1/checker-qual-2.8.1.jar:/Users/ferhatb/.m2/repository/com/google/errorprone/error_prone_annotations/2.3.2/error_prone_annotations-2.3.2.jar:/Users/ferhatb/.m2/repository/com/google/j2objc/j2objc-annotations/1.3/j2objc-annotations-1.3.jar:/Users/ferhatb/.m2/repository/org/codehaus/mojo/animal-sniffer-annotations/1.17/animal-sniffer-annotations-1.17.jar:/Users/ferhatb/.m2/repository/org/springframework/boot/spring-boot-starter-test/2.1.7.RELEASE/spring-boot-starter-test-2.1.7.RELEASE.jar:/Users/ferhatb/.m2/repository/org/springframework/boot/spring-boot-starter/2.1.7.RELEASE/spring-boot-starter-2.1.7.RELEASE.jar:/Users/ferhatb/.m2/repository/org/springframework/boot/spring-boot/2.1.7.RELEASE/spring-boot-2.1.7.RELEASE.jar:/Users/ferhatb/.m2/repository/org/springframework/boot/spring-boot-autoconfigure/2.1.7.RELEASE/spring-boot-autoconfigure-2.1.7.RELEASE.jar:/Users/ferhatb/.m2/repository/org/springframework/boot/spring-boot-starter-logging/2.1.7.RELEASE/spring-boot-starter-logging-2.1.7.RELEASE.jar:/Users/ferhatb/.m2/repository/ch/qos/logback/logback-classic/1.2.3/logback-classic-1.2.3.jar:/Users/ferhatb/.m2/repository/ch/qos/logback/logback-core/1.2.3/logback-core-1.2.3.jar:/Users/ferhatb/.m2/repository/org/apache/logging/log4j/log4j-to-slf4j/2.11.2/log4j-to-slf4j-2.11.2.jar:/Users/ferhatb/.m2/repository/org/apache/logging/log4j/log4j-api/2.11.2/log4j-api-2.11.2.jar:/Users/ferhatb/.m2/repository/org/slf4j/jul-to-slf4j/1.7.26/jul-to-slf4j-1.7.26.jar:/Users/ferhatb/.m2/repository/javax/annotation/javax.annotation-api/1.3.2/javax.annotation-api-1.3.2.jar:/Users/ferhatb/.m2/repository/org/yaml/snakeyaml/1.23/snakeyaml-1.23.jar:/Users/ferhatb/.m2/repository/org/springframework/boot/spring-boot-test/2.1.7.RELEASE/spring-boot-test-2.1.7.RELEASE.jar:/Users/ferhatb/.m2/repository/org/springframework/boot/spring-boot-test-autoconfigure/2.1.7.RELEASE/spring-boot-test-autoconfigure-2.1.7.RELEASE.jar:/Users/ferhatb/.m2/repository/com/jayway/jsonpath/json-path/2.4.0/json-path-2.4.0.jar:/Users/ferhatb/.m2/repository/net/minidev/json-smart/2.3/json-smart-2.3.jar:/Users/ferhatb/.m2/repository/net/minidev/accessors-smart/1.2/accessors-smart-1.2.jar:/Users/ferhatb/.m2/repository/org/slf4j/slf4j-api/1.7.25/slf4j-api-1.7.25.jar:/Users/ferhatb/.m2/repository/junit/junit/4.12/junit-4.12.jar:/Users/ferhatb/.m2/repository/org/assertj/assertj-core/3.11.1/assertj-core-3.11.1.jar:/Users/ferhatb/.m2/repository/org/mockito/mockito-core/2.23.4/mockito-core-2.23.4.jar:/Users/ferhatb/.m2/repository/net/bytebuddy/byte-buddy/1.9.3/byte-buddy-1.9.3.jar:/Users/ferhatb/.m2/repository/net/bytebuddy/byte-buddy-agent/1.9.3/byte-buddy-agent-1.9.3.jar:/Users/ferhatb/.m2/repository/org/objenesis/objenesis/2.6/objenesis-2.6.jar:/Users/ferhatb/.m2/repository/org/hamcrest/hamcrest-core/1.3/hamcrest-core-1.3.jar:/Users/ferhatb/.m2/repository/org/hamcrest/hamcrest-library/1.3/hamcrest-library-1.3.jar:/Users/ferhatb/.m2/repository/org/skyscreamer/jsonassert/1.5.0/jsonassert-1.5.0.jar:/Users/ferhatb/.m2/repository/com/vaadin/external/google/android-json/0.0.20131108.vaadin1/android-json-0.0.20131108.vaadin1.jar:/Users/ferhatb/.m2/repository/org/springframework/spring-test/5.1.9.RELEASE/spring-test-5.1.9.RELEASE.jar:/Users/ferhatb/.m2/repository/org/xmlunit/xmlunit-core/2.6.3/xmlunit-core-2.6.3.jar:/Users/ferhatb/.m2/repository/org/springframework/spring-core/5.1.9.RELEASE/spring-core-5.1.9.RELEASE.jar:/Users/ferhatb/.m2/repository/org/springframework/spring-jcl/5.1.9.RELEASE/spring-jcl-5.1.9.RELEASE.jar:/Users/ferhatb/.m2/repository/org/spockframework/spock-core/1.3-groovy-2.5/spock-core-1.3-groovy-2.5.jar:/Users/ferhatb/.m2/repository/org/codehaus/groovy/groovy/2.5.4/groovy-2.5.4.jar:/Users/ferhatb/.m2/repository/org/codehaus/groovy/groovy-json/2.5.4/groovy-json-2.5.4.jar:/Users/ferhatb/.m2/repository/org/codehaus/groovy/groovy-nio/2.5.4/groovy-nio-2.5.4.jar:/Users/ferhatb/.m2/repository/org/codehaus/groovy/groovy-macro/2.5.4/groovy-macro-2.5.4.jar:/Users/ferhatb/.m2/repository/org/codehaus/groovy/groovy-templates/2.5.4/groovy-templates-2.5.4.jar:/Users/ferhatb/.m2/repository/org/codehaus/groovy/groovy-test/2.5.4/groovy-test-2.5.4.jar:/Users/ferhatb/.m2/repository/org/codehaus/groovy/groovy-sql/2.5.4/groovy-sql-2.5.4.jar:/Users/ferhatb/.m2/repository/org/codehaus/groovy/groovy-xml/2.5.4/groovy-xml-2.5.4.jar:/Users/ferhatb/.m2/repository/org/codehaus/groovy/groovy-ant/3.0.0-beta-3/groovy-ant-3.0.0-beta-3.jar:/Users/ferhatb/.m2/repository/org/apache/ant/ant/1.10.5/ant-1.10.5.jar:/Users/ferhatb/.m2/repository/org/apache/ant/ant-junit/1.10.5/ant-junit-1.10.5.jar:/Users/ferhatb/.m2/repository/org/apache/ant/ant-launcher/1.10.5/ant-launcher-1.10.5.jar:/Users/ferhatb/.m2/repository/org/apache/ant/ant-antlr/1.10.5/ant-antlr-1.10.5.jar:/Users/ferhatb/.m2/repository/org/codehaus/groovy/groovy-cli-picocli/3.0.0-beta-3/groovy-cli-picocli-3.0.0-beta-3.jar:/Users/ferhatb/.m2/repository/org/codehaus/groovy/groovy-console/3.0.0-beta-3/groovy-console-3.0.0-beta-3.jar:/Users/ferhatb/.m2/repository/org/codehaus/groovy/groovy-datetime/3.0.0-beta-3/groovy-datetime-3.0.0-beta-3.jar:/Users/ferhatb/.m2/repository/org/codehaus/groovy/groovy-docgenerator/3.0.0-beta-3/groovy-docgenerator-3.0.0-beta-3.jar:/Users/ferhatb/.m2/repository/com/thoughtworks/qdox/qdox/1.12.1/qdox-1.12.1.jar:/Users/ferhatb/.m2/repository/org/codehaus/groovy/groovy-groovydoc/3.0.0-beta-3/groovy-groovydoc-3.0.0-beta-3.jar:/Users/ferhatb/.m2/repository/org/codehaus/groovy/groovy-groovysh/3.0.0-beta-3/groovy-groovysh-3.0.0-beta-3.jar:/Users/ferhatb/.m2/repository/jline/jline/2.14.6/jline-2.14.6.jar:/Users/ferhatb/.m2/repository/org/codehaus/groovy/groovy-jmx/3.0.0-beta-3/groovy-jmx-3.0.0-beta-3.jar:/Users/ferhatb/.m2/repository/org/codehaus/groovy/groovy-jsr223/3.0.0-beta-3/groovy-jsr223-3.0.0-beta-3.jar:/Users/ferhatb/.m2/repository/org/codehaus/groovy/groovy-servlet/3.0.0-beta-3/groovy-servlet-3.0.0-beta-3.jar:/Users/ferhatb/.m2/repository/org/codehaus/groovy/groovy-swing/3.0.0-beta-3/groovy-swing-3.0.0-beta-3.jar:/Users/ferhatb/.m2/repository/org/codehaus/groovy/groovy-test-junit5/3.0.0-beta-3/groovy-test-junit5-3.0.0-beta-3.jar:/Users/ferhatb/.m2/repository/org/junit/platform/junit-platform-launcher/1.5.1/junit-platform-launcher-1.5.1.jar:/Users/ferhatb/.m2/repository/org/apiguardian/apiguardian-api/1.1.0/apiguardian-api-1.1.0.jar:/Users/ferhatb/.m2/repository/org/junit/platform/junit-platform-engine/1.5.1/junit-platform-engine-1.5.1.jar:/Users/ferhatb/.m2/repository/org/opentest4j/opentest4j/1.2.0/opentest4j-1.2.0.jar:/Users/ferhatb/.m2/repository/org/junit/platform/junit-platform-commons/1.5.1/junit-platform-commons-1.5.1.jar:/Users/ferhatb/.m2/repository/org/junit/jupiter/junit-jupiter-engine/5.5.1/junit-jupiter-engine-5.5.1.jar:/Users/ferhatb/.m2/repository/org/junit/jupiter/junit-jupiter-api/5.5.1/junit-jupiter-api-5.5.1.jar:/Users/ferhatb/.m2/repository/org/codehaus/groovy/groovy-testng/3.0.0-beta-3/groovy-testng-3.0.0-beta-3.jar:/Users/ferhatb/.m2/repository/org/testng/testng/6.14.3/testng-6.14.3.jar:/Users/ferhatb/.m2/repository/com/beust/jcommander/1.72/jcommander-1.72.jar:/Users/ferhatb/.m2/repository/org/springframework/spring-web/5.1.9.RELEASE/spring-web-5.1.9.RELEASE.jar:/Users/ferhatb/.m2/repository/org/springframework/spring-beans/5.1.9.RELEASE/spring-beans-5.1.9.RELEASE.jar:/Users/ferhatb/.m2/repository/com/qapital/kafka/kafka-starter/1.0-SNAPSHOT/kafka-starter-1.0-SNAPSHOT.jar:/Users/ferhatb/.m2/repository/org/springframework/boot/spring-boot-starter-web/2.1.6.RELEASE/spring-boot-starter-web-2.1.6.RELEASE.jar:/Users/ferhatb/.m2/repository/org/springframework/boot/spring-boot-starter-json/2.1.6.RELEASE/spring-boot-starter-json-2.1.6.RELEASE.jar:/Users/ferhatb/.m2/repository/com/fasterxml/jackson/datatype/jackson-datatype-jsr310/2.9.9/jackson-datatype-jsr310-2.9.9.jar:/Users/ferhatb/.m2/repository/com/fasterxml/jackson/module/jackson-module-parameter-names/2.9.9/jackson-module-parameter-names-2.9.9.jar:/Users/ferhatb/.m2/repository/org/hibernate/validator/hibernate-validator/6.0.17.Final/hibernate-validator-6.0.17.Final.jar:/Users/ferhatb/.m2/repository/javax/validation/validation-api/2.0.1.Final/validation-api-2.0.1.Final.jar:/Users/ferhatb/.m2/repository/org/jboss/logging/jboss-logging/3.3.2.Final/jboss-logging-3.3.2.Final.jar:/Users/ferhatb/.m2/repository/com/fasterxml/classmate/1.3.4/classmate-1.3.4.jar:/Users/ferhatb/.m2/repository/org/springframework/spring-webmvc/5.1.8.RELEASE/spring-webmvc-5.1.8.RELEASE.jar:/Users/ferhatb/.m2/repository/org/springframework/spring-aop/5.1.8.RELEASE/spring-aop-5.1.8.RELEASE.jar:/Users/ferhatb/.m2/repository/org/springframework/spring-expression/5.1.8.RELEASE/spring-expression-5.1.8.RELEASE.jar:/Users/ferhatb/.m2/repository/org/springframework/kafka/spring-kafka/2.2.8.RELEASE/spring-kafka-2.2.8.RELEASE.jar:/Users/ferhatb/.m2/repository/org/springframework/spring-context/5.1.9.RELEASE/spring-context-5.1.9.RELEASE.jar:/Users/ferhatb/.m2/repository/org/springframework/spring-messaging/5.1.9.RELEASE/spring-messaging-5.1.9.RELEASE.jar:/Users/ferhatb/.m2/repository/org/springframework/spring-tx/5.1.9.RELEASE/spring-tx-5.1.9.RELEASE.jar:/Users/ferhatb/.m2/repository/org/springframework/retry/spring-retry/1.2.4.RELEASE/spring-retry-1.2.4.RELEASE.jar:/Users/ferhatb/.m2/repository/org/apache/kafka/kafka_2.11/2.3.0/kafka_2.11-2.3.0.jar:/Users/ferhatb/.m2/repository/com/fasterxml/jackson/core/jackson-databind/2.9.9/jackson-databind-2.9.9.jar:/Users/ferhatb/.m2/repository/com/fasterxml/jackson/core/jackson-annotations/2.9.0/jackson-annotations-2.9.0.jar:/Users/ferhatb/.m2/repository/com/fasterxml/jackson/core/jackson-core/2.9.9/jackson-core-2.9.9.jar:/Users/ferhatb/.m2/repository/com/fasterxml/jackson/module/jackson-module-scala_2.11/2.9.9/jackson-module-scala_2.11-2.9.9.jar:/Users/ferhatb/.m2/repository/com/fasterxml/jackson/module/jackson-module-paranamer/2.9.9/jackson-module-paranamer-2.9.9.jar:/Users/ferhatb/.m2/repository/com/thoughtworks/paranamer/paranamer/2.8/paranamer-2.8.jar:/Users/ferhatb/.m2/repository/com/fasterxml/jackson/dataformat/jackson-dataformat-csv/2.9.9/jackson-dataformat-csv-2.9.9.jar:/Users/ferhatb/.m2/repository/com/fasterxml/jackson/datatype/jackson-datatype-jdk8/2.9.9/jackson-datatype-jdk8-2.9.9.jar:/Users/ferhatb/.m2/repository/net/sf/jopt-simple/jopt-simple/5.0.4/jopt-simple-5.0.4.jar:/Users/ferhatb/.m2/repository/com/yammer/metrics/metrics-core/2.2.0/metrics-core-2.2.0.jar:/Users/ferhatb/.m2/repository/org/scala-lang/scala-library/2.11.12/scala-library-2.11.12.jar:/Users/ferhatb/.m2/repository/org/scala-lang/scala-reflect/2.11.12/scala-reflect-2.11.12.jar:/Users/ferhatb/.m2/repository/com/typesafe/scala-logging/scala-logging_2.11/3.9.0/scala-logging_2.11-3.9.0.jar:/Users/ferhatb/.m2/repository/com/101tec/zkclient/0.11/zkclient-0.11.jar:/Users/ferhatb/.m2/repository/org/apache/zookeeper/zookeeper/3.4.14/zookeeper-3.4.14.jar:/Users/ferhatb/.m2/repository/com/github/spotbugs/spotbugs-annotations/3.1.9/spotbugs-annotations-3.1.9.jar:/Users/ferhatb/.m2/repository/org/apache/yetus/audience-annotations/0.5.0/audience-annotations-0.5.0.jar:/Users/ferhatb/.m2/repository/org/apache/kafka/kafka-clients/2.3.0/kafka-clients-2.3.0.jar:/Users/ferhatb/.m2/repository/com/github/luben/zstd-jni/1.4.0-1/zstd-jni-1.4.0-1.jar:/Users/ferhatb/.m2/repository/org/lz4/lz4-java/1.6.0/lz4-java-1.6.0.jar:/Users/ferhatb/.m2/repository/org/xerial/snappy/snappy-java/1.1.7.3/snappy-java-1.1.7.3.jar:/Users/ferhatb/.m2/repository/com/qapital/kafka/kafka-event-subscriber/1.0-SNAPSHOT/kafka-event-subscriber-1.0-SNAPSHOT.jar:/Users/ferhatb/.m2/repository/com/qapital/kafka/kafka-event-specs/1.0-SNAPSHOT/kafka-event-specs-1.0-SNAPSHOT.jar:/Users/ferhatb/.m2/repository/com/google/api/grpc/googleapis-common-protos/0.0.3/googleapis-common-protos-0.0.3.jar:/Users/ferhatb/.m2/repository/com/google/protobuf/protobuf-java/3.9.1/protobuf-java-3.9.1.jar:/Users/ferhatb/.m2/repository/io/grpc/grpc-netty/1.22.1/grpc-netty-1.22.1.jar:/Users/ferhatb/.m2/repository/io/grpc/grpc-core/1.22.1/grpc-core-1.22.1.jar:/Users/ferhatb/.m2/repository/com/google/code/gson/gson/2.7/gson-2.7.jar:/Users/ferhatb/.m2/repository/com/google/android/annotations/4.1.1.4/annotations-4.1.1.4.jar:/Users/ferhatb/.m2/repository/io/perfmark/perfmark-api/0.16.0/perfmark-api-0.16.0.jar:/Users/ferhatb/.m2/repository/io/opencensus/opencensus-api/0.21.0/opencensus-api-0.21.0.jar:/Users/ferhatb/.m2/repository/io/opencensus/opencensus-contrib-grpc-metrics/0.21.0/opencensus-contrib-grpc-metrics-0.21.0.jar:/Users/ferhatb/.m2/repository/io/netty/netty-codec-http2/4.1.35.Final/netty-codec-http2-4.1.35.Final.jar:/Users/ferhatb/.m2/repository/io/netty/netty-common/4.1.35.Final/netty-common-4.1.35.Final.jar:/Users/ferhatb/.m2/repository/io/netty/netty-buffer/4.1.35.Final/netty-buffer-4.1.35.Final.jar:/Users/ferhatb/.m2/repository/io/netty/netty-transport/4.1.35.Final/netty-transport-4.1.35.Final.jar:/Users/ferhatb/.m2/repository/io/netty/netty-resolver/4.1.35.Final/netty-resolver-4.1.35.Final.jar:/Users/ferhatb/.m2/repository/io/netty/netty-codec/4.1.35.Final/netty-codec-4.1.35.Final.jar:/Users/ferhatb/.m2/repository/io/netty/netty-handler/4.1.35.Final/netty-handler-4.1.35.Final.jar:/Users/ferhatb/.m2/repository/io/netty/netty-codec-http/4.1.35.Final/netty-codec-http-4.1.35.Final.jar:/Users/ferhatb/.m2/repository/io/netty/netty-handler-proxy/4.1.35.Final/netty-handler-proxy-4.1.35.Final.jar:/Users/ferhatb/.m2/repository/io/netty/netty-codec-socks/4.1.35.Final/netty-codec-socks-4.1.35.Final.jar:/Users/ferhatb/.m2/repository/io/grpc/grpc-protobuf/1.22.1/grpc-protobuf-1.22.1.jar:/Users/ferhatb/.m2/repository/io/grpc/grpc-api/1.22.1/grpc-api-1.22.1.jar:/Users/ferhatb/.m2/repository/io/grpc/grpc-context/1.22.1/grpc-context-1.22.1.jar:/Users/ferhatb/.m2/repository/com/google/api/grpc/proto-google-common-protos/1.12.0/proto-google-common-protos-1.12.0.jar:/Users/ferhatb/.m2/repository/io/grpc/grpc-protobuf-lite/1.22.1/grpc-protobuf-lite-1.22.1.jar:/Users/ferhatb/.m2/repository/io/grpc/grpc-stub/1.22.1/grpc-stub-1.22.1.jar:/Users/ferhatb/.m2/repository/com/qapital/kafka/kafka-event-serialization/1.0-SNAPSHOT/kafka-event-serialization-1.0-SNAPSHOT.jar:/Users/ferhatb/.m2/repository/org/apache/commons/commons-lang3/3.9/commons-lang3-3.9.jar:/Users/ferhatb/.m2/repository/org/xolstice/maven/plugins/protobuf-maven-plugin/0.6.1/protobuf-maven-plugin-0.6.1.jar:/Users/ferhatb/.m2/repository/org/apache/maven/maven-plugin-api/3.0/maven-plugin-api-3.0.jar:/Users/ferhatb/.m2/repository/org/apache/maven/maven-model/3.0/maven-model-3.0.jar:/Users/ferhatb/.m2/repository/org/sonatype/sisu/sisu-inject-plexus/1.4.2/sisu-inject-plexus-1.4.2.jar:/Users/ferhatb/.m2/repository/org/sonatype/sisu/sisu-inject-bean/1.4.2/sisu-inject-bean-1.4.2.jar:/Users/ferhatb/.m2/repository/org/sonatype/sisu/sisu-guice/2.1.7/sisu-guice-2.1.7-noaop.jar:/Users/ferhatb/.m2/repository/org/apache/maven/plugin-tools/maven-plugin-annotations/3.5.2/maven-plugin-annotations-3.5.2.jar:/Users/ferhatb/.m2/repository/org/codehaus/plexus/plexus-utils/3.1.0/plexus-utils-3.1.0.jar:/Users/ferhatb/.m2/repository/org/codehaus/plexus/plexus-component-annotations/1.7.1/plexus-component-annotations-1.7.1.jar:/Users/ferhatb/.m2/repository/org/sonatype/plexus/plexus-build-api/0.0.7/plexus-build-api-0.0.7.jar:/Users/ferhatb/.m2/repository/org/apache/maven/maven-core/3.0/maven-core-3.0.jar:/Users/ferhatb/.m2/repository/org/apache/maven/maven-settings/3.0/maven-settings-3.0.jar:/Users/ferhatb/.m2/repository/org/apache/maven/maven-settings-builder/3.0/maven-settings-builder-3.0.jar:/Users/ferhatb/.m2/repository/org/apache/maven/maven-repository-metadata/3.0/maven-repository-metadata-3.0.jar:/Users/ferhatb/.m2/repository/org/apache/maven/maven-model-builder/3.0/maven-model-builder-3.0.jar:/Users/ferhatb/.m2/repository/org/apache/maven/maven-aether-provider/3.0/maven-aether-provider-3.0.jar:/Users/ferhatb/.m2/repository/org/sonatype/aether/aether-impl/1.7/aether-impl-1.7.jar:/Users/ferhatb/.m2/repository/org/sonatype/aether/aether-spi/1.7/aether-spi-1.7.jar:/Users/ferhatb/.m2/repository/org/sonatype/aether/aether-api/1.7/aether-api-1.7.jar:/Users/ferhatb/.m2/repository/org/sonatype/aether/aether-util/1.7/aether-util-1.7.jar:/Users/ferhatb/.m2/repository/org/codehaus/plexus/plexus-interpolation/1.14/plexus-interpolation-1.14.jar:/Users/ferhatb/.m2/repository/org/codehaus/plexus/plexus-classworlds/2.2.3/plexus-classworlds-2.2.3.jar:/Users/ferhatb/.m2/repository/org/sonatype/plexus/plexus-sec-dispatcher/1.3/plexus-sec-dispatcher-1.3.jar:/Users/ferhatb/.m2/repository/org/sonatype/plexus/plexus-cipher/1.4/plexus-cipher-1.4.jar:/Users/ferhatb/.m2/repository/org/apache/maven/maven-artifact/3.0/maven-artifact-3.0.jar:/Users/ferhatb/.m2/repository/org/apache/maven/maven-compat/3.0/maven-compat-3.0.jar:/Users/ferhatb/.m2/repository/org/apache/maven/wagon/wagon-provider-api/1.0-beta-6/wagon-provider-api-1.0-beta-6.jar:/Users/ferhatb/.m2/repository/org/apache/maven/surefire/surefire-testng-utils/2.22.0/surefire-testng-utils-2.22.0.jar:/Users/ferhatb/.m2/repository/org/apache/maven/surefire/surefire-grouper/2.22.0/surefire-grouper-2.22.0.jar:"/>
    <property name="sun.cpu.endian" value="little"/>
    <property name="user.home" value="/Users/ferhatb"/>
    <property name="user.language" value="en"/>
    <property name="java.specification.vendor" value="Oracle Corporation"/>
    <property name="java.home" value="/Library/Java/JavaVirtualMachines/jdk1.8.0_172.jdk/Contents/Home/jre"/>
    <property name="basedir" value="/Users/ferhatb/qapital-backend-test/qapital-savings/qapital-savings-test/qapital-savings-test-integration"/>
    <property name="file.separator" value="/"/>
    <property name="line.separator" value="&#10;"/>
    <property name="java.vm.specification.vendor" value="Oracle Corporation"/>
    <property name="java.specification.name" value="Java Platform API Specification"/>
    <property name="java.awt.graphicsenv" value="sun.awt.CGraphicsEnvironment"/>
    <property name="surefire.real.class.path" value="/Users/ferhatb/qapital-backend-test/qapital-savings/qapital-savings-test/qapital-savings-test-integration/target/surefire/surefirebooter4727515516468239436.jar"/>
    <property name="sun.boot.class.path" value="/Library/Java/JavaVirtualMachines/jdk1.8.0_172.jdk/Contents/Home/jre/lib/resources.jar:/Library/Java/JavaVirtualMachines/jdk1.8.0_172.jdk/Contents/Home/jre/lib/rt.jar:/Library/Java/JavaVirtualMachines/jdk1.8.0_172.jdk/Contents/Home/jre/lib/sunrsasign.jar:/Library/Java/JavaVirtualMachines/jdk1.8.0_172.jdk/Contents/Home/jre/lib/jsse.jar:/Library/Java/JavaVirtualMachines/jdk1.8.0_172.jdk/Contents/Home/jre/lib/jce.jar:/Library/Java/JavaVirtualMachines/jdk1.8.0_172.jdk/Contents/Home/jre/lib/charsets.jar:/Library/Java/JavaVirtualMachines/jdk1.8.0_172.jdk/Contents/Home/jre/lib/jfr.jar:/Library/Java/JavaVirtualMachines/jdk1.8.0_172.jdk/Contents/Home/jre/classes"/>
    <property name="sun.management.compiler" value="HotSpot 64-Bit Tiered Compilers"/>
    <property name="ftp.nonProxyHosts" value="local|*.local|169.254/16|*.169.254/16"/>
    <property name="java.runtime.version" value="1.8.0_172-b11"/>
    <property name="user.name" value="ferhatb"/>
    <property name="path.separator" value=":"/>
    <property name="os.version" value="10.13.6"/>
    <property name="java.endorsed.dirs" value="/Library/Java/JavaVirtualMachines/jdk1.8.0_172.jdk/Contents/Home/jre/lib/endorsed"/>
    <property name="java.runtime.name" value="Java(TM) SE Runtime Environment"/>
    <property name="file.encoding" value="UTF-8"/>
    <property name="java.vm.name" value="Java HotSpot(TM) 64-Bit Server VM"/>
    <property name="localRepository" value="/Users/ferhatb/.m2/repository"/>
    <property name="java.vendor.url.bug" value="http://bugreport.sun.com/bugreport/"/>
    <property name="java.io.tmpdir" value="/var/folders/0h/m8klst2j6wbc_96sgn5lrnrr0000gp/T/"/>
    <property name="java.version" value="1.8.0_172"/>
    <property name="user.dir" value="/Users/ferhatb/qapital-backend-test/qapital-savings/qapital-savings-test/qapital-savings-test-integration"/>
    <property name="os.arch" value="x86_64"/>
    <property name="java.vm.specification.name" value="Java Virtual Machine Specification"/>
    <property name="java.awt.printerjob" value="sun.lwawt.macosx.CPrinterJob"/>
    <property name="sun.os.patch.level" value="unknown"/>
    <property name="java.library.path" value="/Users/ferhatb/Library/Java/Extensions:/Library/Java/Extensions:/Network/Library/Java/Extensions:/System/Library/Java/Extensions:/usr/lib/java:."/>
    <property name="java.vm.info" value="mixed mode"/>
    <property name="java.vendor" value="Oracle Corporation"/>
    <property name="java.vm.version" value="25.172-b11"/>
    <property name="java.ext.dirs" value="/Users/ferhatb/Library/Java/Extensions:/Library/Java/JavaVirtualMachines/jdk1.8.0_172.jdk/Contents/Home/jre/lib/ext:/Library/Java/Extensions:/Network/Library/Java/Extensions:/System/Library/Java/Extensions:/usr/lib/java"/>
    <property name="sun.io.unicode.encoding" value="UnicodeBig"/>
    <property name="java.class.version" value="52.0"/>
    <property name="socksNonProxyHosts" value="local|*.local|169.254/16|*.169.254/16"/>
  </properties>
  <testcase name="$spock_feature_1_0 on $spock_feature_1_0(SavingsIntegrationsTest)" classname="SavingsIntegrationsTest" time="0.666"/>
  <testcase name="$spock_feature_1_1 on $spock_feature_1_1(SavingsIntegrationsTest)" classname="SavingsIntegrationsTest" time="0.059"/>
  <testcase name="$spock_feature_1_2 on $spock_feature_1_2(SavingsIntegrationsTest)" classname="SavingsIntegrationsTest" time="0.06"/>
  <testcase name="$spock_feature_1_3 on $spock_feature_1_3(SavingsIntegrationsTest)" classname="SavingsIntegrationsTest" time="0.047"/>
</testsuite>