<?xml version="1.0" encoding="UTF-8"?>
<!-- Generated by org.testng.reporters.JUnitReportReporter -->
<testsuite skipped="0" hostname="Ferhats-MacBook-Pro.local" name="SavingsIntegrationsTest" tests="4" failures="0" timestamp="03 Sep 2019 10:21:21 GMT" time="52.571" errors="0">
  <testcase name="$spock_feature_1_2" time="13.178" classname="SavingsIntegrationsTest"/>
  <testcase name="$spock_feature_1_1" time="13.115" classname="SavingsIntegrationsTest"/>
  <testcase name="$spock_feature_1_3" time="13.222" classname="SavingsIntegrationsTest"/>
  <testcase name="$spock_feature_1_0" time="13.056" classname="SavingsIntegrationsTest"/>
</testsuite> <!-- SavingsIntegrationsTest -->
