<?xml version="1.0" encoding="UTF-8"?>
<!-- Generated by org.testng.reporters.JUnitReportReporter -->
<testsuite skipped="0" hostname="Ferhats-MacBook-Pro.local" name="SavingsIntegrationsTest" tests="4" failures="0" timestamp="03 Sep 2019 13:06:04 GMT" time="73.909" errors="0">
  <testcase name="$spock_feature_1_0" time="18.380" classname="SavingsIntegrationsTest"/>
  <testcase name="$spock_feature_1_1" time="18.448" classname="SavingsIntegrationsTest"/>
  <testcase name="$spock_feature_1_2" time="18.516" classname="SavingsIntegrationsTest"/>
  <testcase name="$spock_feature_1_3" time="18.565" classname="SavingsIntegrationsTest"/>
</testsuite> <!-- SavingsIntegrationsTest -->
