<?xml version="1.0" encoding="UTF-8"?>
<!-- Generated by org.testng.reporters.JUnitReportReporter -->
<testsuite skipped="0" hostname="Ferhats-MacBook-Pro.local" name="SavingsIntegrationsTest" tests="4" failures="0" timestamp="03 Sep 2019 15:14:57 GMT" time="64.975" errors="0">
  <testcase name="$spock_feature_1_1" time="16.213" classname="SavingsIntegrationsTest"/>
  <testcase name="$spock_feature_1_2" time="16.285" classname="SavingsIntegrationsTest"/>
  <testcase name="$spock_feature_1_3" time="16.333" classname="SavingsIntegrationsTest"/>
  <testcase name="$spock_feature_1_0" time="16.144" classname="SavingsIntegrationsTest"/>
</testsuite> <!-- SavingsIntegrationsTest -->
