<?xml version="1.0" encoding="UTF-8"?>
<!-- Generated by org.testng.reporters.JUnitReportReporter -->
<testsuite skipped="0" hostname="Ferhats-MacBook-Pro.local" name="SavingsIntegrationsTest" tests="4" failures="0" timestamp="03 Sep 2019 21:19:51 GMT" time="50.330" errors="0">
  <testcase name="$spock_feature_1_3" time="12.664" classname="SavingsIntegrationsTest"/>
  <testcase name="$spock_feature_1_0" time="12.495" classname="SavingsIntegrationsTest"/>
  <testcase name="$spock_feature_1_1" time="12.555" classname="SavingsIntegrationsTest"/>
  <testcase name="$spock_feature_1_2" time="12.616" classname="SavingsIntegrationsTest"/>
</testsuite> <!-- SavingsIntegrationsTest -->
